<?xml version="1.0" encoding="UTF-8"?>
<!-- Generated by org.testng.reporters.JUnitReportReporter -->
<testsuite hostname="BTWINAUucmAIKsr" failures="0" tests="1" name="TestNG.NewTest" time="19.344" errors="0" timestamp="2022-10-10T11:53:47 IST" skipped="0">
  <testcase classname="TestNG.NewTest" name="TestConfig" time="19.344"/>
  <system-out/>
</testsuite> <!-- TestNG.NewTest -->
