<?xml version="1.0" encoding="UTF-8"?>
<!-- Generated by org.testng.reporters.JUnitReportReporter -->
<testsuite hostname="BTWINAUucmAIKsr" failures="0" tests="3" name="TestNG.login" time="13.346" errors="0" timestamp="2022-10-10T14:57:49 IST" skipped="0">
  <testcase classname="TestNG.login" name="validdata" time="10.649"/>
  <system-out/>
  <testcase classname="TestNG.login" name="VerifyHomePageTitle" time="0.019"/>
  <system-out/>
  <testcase classname="TestNG.login" name="invalid" time="2.678"/>
  <system-out/>
</testsuite> <!-- TestNG.login -->
